[INFO] Scanning for projects...
[INFO] 
[INFO] ---------------------< com.raunak:java-logger-api >---------------------
[INFO] Building java-logger-api 1.0.0
[INFO]   from pom.xml
[INFO] --------------------------------[ jar ]---------------------------------
[INFO] 
[INFO] >>> spring-boot:3.2.5:run (default-cli) > test-compile @ java-logger-api >>>
[INFO] 
[INFO] --- resources:3.3.1:resources (default-resources) @ java-logger-api ---
[INFO] Copying 1 resource from src\main\resources to target\classes
[INFO] Copying 0 resource from src\main\resources to target\classes
[INFO] 
[INFO] --- compiler:3.11.0:compile (default-compile) @ java-logger-api ---
[INFO] Nothing to compile - all classes are up to date
[INFO] 
[INFO] --- resources:3.3.1:testResources (default-testResources) @ java-logger-api ---
[INFO] skip non existing resourceDirectory C:\dev\Codolog-Internship\java-logger-api\src\test\resources
[INFO] 
[INFO] --- compiler:3.11.0:testCompile (default-testCompile) @ java-logger-api ---
[INFO] No sources to compile
[INFO] 
[INFO] <<< spring-boot:3.2.5:run (default-cli) < test-compile @ java-logger-api <<<
[INFO] 
[INFO] 
[INFO] --- spring-boot:3.2.5:run (default-cli) @ java-logger-api ---
[INFO] Attaching agents: []

  .   ____          _            __ _ _
 /\\ / ___'_ __ _ _(_)_ __  __ _ \ \ \ \
( ( )\___ | '_ | '_| | '_ \/ _` | \ \ \ \
 \\/  ___)| |_)| | | | | || (_| |  ) ) ) )
  '  |____| .__|_| |_|_| |_\__, | / / / /
 =========|_|==============|___/=/_/_/_/
 :: Spring Boot ::                (v3.2.5)

2026-04-16T18:30:17.196+05:30  INFO 7988 --- [           main] com.raunak.api.ApiApplication            : Starting ApiApplication using Java 17.0.18 with PID 7988 (C:\dev\Codolog-Internship\java-logger-api\target\classes started by Raunak Gupta in C:\dev\Codolog-Internship\java-logger-api)
2026-04-16T18:30:17.199+05:30  INFO 7988 --- [           main] com.raunak.api.ApiApplication            : No active profile set, falling back to 1 default profile: "default"
2026-04-16T18:30:18.055+05:30  INFO 7988 --- [           main] .s.d.r.c.RepositoryConfigurationDelegate : Bootstrapping Spring Data JPA repositories in DEFAULT mode.
2026-04-16T18:30:18.113+05:30  INFO 7988 --- [           main] .s.d.r.c.RepositoryConfigurationDelegate : Finished Spring Data repository scanning in 44 ms. Found 1 JPA repository interface.
2026-04-16T18:30:18.652+05:30  INFO 7988 --- [           main] o.s.b.w.embedded.tomcat.TomcatWebServer  : Tomcat initialized with port 8081 (http)
2026-04-16T18:30:18.665+05:30  INFO 7988 --- [           main] o.apache.catalina.core.StandardService   : Starting service [Tomcat]
2026-04-16T18:30:18.666+05:30  INFO 7988 --- [           main] o.apache.catalina.core.StandardEngine    : Starting Servlet engine: [Apache Tomcat/10.1.20]
2026-04-16T18:30:18.736+05:30  INFO 7988 --- [           main] o.a.c.c.C.[Tomcat].[localhost].[/]       : Initializing Spring embedded WebApplicationContext
2026-04-16T18:30:18.737+05:30  INFO 7988 --- [           main] w.s.c.ServletWebServerApplicationContext : Root WebApplicationContext: initialization completed in 1391 ms
2026-04-16T18:30:18.768+05:30  INFO 7988 --- [           main] com.zaxxer.hikari.HikariDataSource       : HikariPool-1 - Starting...
2026-04-16T18:30:18.977+05:30  INFO 7988 --- [           main] com.zaxxer.hikari.pool.HikariPool        : HikariPool-1 - Added connection conn0: url=jdbc:h2:mem:testdb user=SA
2026-04-16T18:30:18.980+05:30  INFO 7988 --- [           main] com.zaxxer.hikari.HikariDataSource       : HikariPool-1 - Start completed.
2026-04-16T18:30:18.993+05:30  INFO 7988 --- [           main] o.s.b.a.h2.H2ConsoleAutoConfiguration    : H2 console available at '/h2-console'. Database available at 'jdbc:h2:mem:testdb'
2026-04-16T18:30:19.131+05:30  INFO 7988 --- [           main] o.hibernate.jpa.internal.util.LogHelper  : HHH000204: Processing PersistenceUnitInfo [name: default]
2026-04-16T18:30:19.189+05:30  INFO 7988 --- [           main] org.hibernate.Version                    : HHH000412: Hibernate ORM core version 6.4.4.Final
2026-04-16T18:30:19.236+05:30  INFO 7988 --- [           main] o.h.c.internal.RegionFactoryInitiator    : HHH000026: Second-level cache disabled
2026-04-16T18:30:19.508+05:30  INFO 7988 --- [           main] o.s.o.j.p.SpringPersistenceUnitInfo      : No LoadTimeWeaver setup: ignoring JPA class transformer
2026-04-16T18:30:19.587+05:30  WARN 7988 --- [           main] org.hibernate.orm.deprecation            : HHH90000025: H2Dialect does not need to be specified explicitly using 'hibernate.dialect' (remove the property setting and it will be selected by default)
2026-04-16T18:30:20.395+05:30  INFO 7988 --- [           main] o.h.e.t.j.p.i.JtaPlatformInitiator       : HHH000489: No JTA platform available (set 'hibernate.transaction.jta.platform' to enable JTA platform integration)
2026-04-16T18:30:20.462+05:30  INFO 7988 --- [           main] j.LocalContainerEntityManagerFactoryBean : Initialized JPA EntityManagerFactory for persistence unit 'default'
2026-04-16T18:30:20.724+05:30  WARN 7988 --- [           main] JpaBaseConfiguration$JpaWebConfiguration : spring.jpa.open-in-view is enabled by default. Therefore, database queries may be performed during view rendering. Explicitly configure spring.jpa.open-in-view to disable this warning
2026-04-16T18:30:21.059+05:30  INFO 7988 --- [           main] o.s.b.w.embedded.tomcat.TomcatWebServer  : Tomcat started on port 8081 (http) with context path ''
2026-04-16T18:30:21.068+05:30  INFO 7988 --- [           main] com.raunak.api.ApiApplication            : Started ApiApplication in 4.238 seconds (process running for 4.657)
2026-04-16T18:30:29.896+05:30  INFO 7988 --- [nio-8081-exec-8] o.a.c.c.C.[Tomcat].[localhost].[/]       : Initializing Spring DispatcherServlet 'dispatcherServlet'
2026-04-16T18:30:29.897+05:30  INFO 7988 --- [nio-8081-exec-8] o.s.web.servlet.DispatcherServlet        : Initializing Servlet 'dispatcherServlet'
2026-04-16T18:30:29.899+05:30  INFO 7988 --- [nio-8081-exec-8] o.s.web.servlet.DispatcherServlet        : Completed initialization in 2 ms
2026-04-16T18:30:29.955+05:30  INFO 7988 --- [nio-8081-exec-1] c.r.api.controller.ProfileController     : Skills API called
2026-04-16T18:30:29.955+05:30  INFO 7988 --- [nio-8081-exec-8] c.r.api.controller.ProfileController     : Profile API called
[INFO] ------------------------------------------------------------------------
[INFO] BUILD FAILURE
[INFO] ------------------------------------------------------------------------
[INFO] Total time:  01:24 min
[INFO] Finished at: 2026-04-16T18:31:38+05:30
[INFO] ------------------------------------------------------------------------
[ERROR] Failed to execute goal org.springframework.boot:spring-boot-maven-plugin:3.2.5:run (default-cli) on project java-logger-api: Process terminated with exit code: -1 -> [Help 1]
[ERROR] 
[ERROR] To see the full stack trace of the errors, re-run Maven with the -e switch.
[ERROR] Re-run Maven using the -X switch to enable full debug logging.
[ERROR] 
[ERROR] For more information about the errors and possible solutions, please read the following articles:
[ERROR] [Help 1] http://cwiki.apache.org/confluence/display/MAVEN/MojoExecutionException
